<?xml version="1.0" encoding="UTF-8"?>
<!-- Generated by org.testng.reporters.JUnitXMLReporter -->
<testsuite ignored="1" hostname="DESKTOP-AELALK6" failures="0" tests="1" name="Default test" time="9.864" errors="0" timestamp="2024-05-04T07:31:19 IST">
  <testcase classname="AuthExamples.OAuth2Example" name="getAccessToken" time="9.699"/>
  <testcase classname="AuthExamples.OAuth2Example" name="oAuthTest" time="0.0">
    <ignored/>
  </testcase> <!-- oAuthTest -->
</testsuite> <!-- Default test -->
