<?xml version="1.0" encoding="UTF-8"?>
<testsuite xmlns:xsi="http://www.w3.org/2001/XMLSchema-instance" xsi:noNamespaceSchemaLocation="https://maven.apache.org/surefire/maven-surefire-plugin/xsd/surefire-test-report-3.0.xsd" version="3.0" name="RestAssured.TestRESTAPI" time="9.164" tests="1" errors="0" skipped="0" failures="0">
  <properties>
[...]
</properties>
  <testcase name="testListUsersAPI" classname="RestAssured.TestRESTAPI" time="6.955">
    <system-out><![CDATA[200
2628
]]></system-out>
  </testcase>
</testsuite>