<?xml version="1.0" encoding="UTF-8"?>
<testng-results ignored="0" total="1" passed="1" failed="0" skipped="0">
  <reporter-output>
  </reporter-output>
  <suite started-at="2024-04-20T21:26:13 IST" name="Surefire suite" finished-at="2024-04-20T21:26:20 IST" duration-ms="7027">
    <groups>
    </groups>
    <test started-at="2024-04-20T21:26:13 IST" name="Surefire test" finished-at="2024-04-20T21:26:20 IST" duration-ms="7027">
      <class name="RestAssured.TestRESTAPI">
        <test-method signature="testListUsersAPI()[pri:0, instance:RestAssured.TestRESTAPI@4e08711f]" started-at="2024-04-20T21:26:13 IST" name="testListUsersAPI" finished-at="2024-04-20T21:26:20 IST" duration-ms="6883" status="PASS">
          <reporter-output>
          </reporter-output>
        </test-method> <!-- testListUsersAPI -->
      </class> <!-- RestAssured.TestRESTAPI -->
    </test> <!-- Surefire test -->
  </suite> <!-- Surefire suite -->
</testng-results>
