<?xml version="1.0" encoding="UTF-8"?>
<testng-results ignored="1" total="2" passed="1" failed="0" skipped="0">
  <reporter-output>
  </reporter-output>
  <suite started-at="2024-05-04T07:31:09 IST" name="Default suite" finished-at="2024-05-04T07:31:19 IST" duration-ms="9864">
    <groups>
    </groups>
    <test started-at="2024-05-04T07:31:09 IST" name="Default test" finished-at="2024-05-04T07:31:19 IST" duration-ms="9864">
      <class name="AuthExamples.OAuth2Example">
        <test-method signature="getAccessToken()[pri:0, instance:AuthExamples.OAuth2Example@6a84a97d]" started-at="2024-05-04T07:31:10 IST" name="getAccessToken" finished-at="2024-05-04T07:31:19 IST" duration-ms="9699" status="PASS">
          <reporter-output>
          </reporter-output>
        </test-method> <!-- getAccessToken -->
      </class> <!-- AuthExamples.OAuth2Example -->
    </test> <!-- Default test -->
  </suite> <!-- Default suite -->
</testng-results>
