<?xml version="1.0" encoding="UTF-8"?>
<testng-results ignored="0" total="2" passed="2" failed="0" skipped="0">
  <reporter-output>
  </reporter-output>
  <suite started-at="2024-04-27T23:09:35 IST" name="Default suite" finished-at="2024-04-27T23:09:46 IST" duration-ms="10235">
    <groups>
    </groups>
    <test started-at="2024-04-27T23:09:35 IST" name="Default test" finished-at="2024-04-27T23:09:46 IST" duration-ms="10235">
      <class name="AuthExamples.OAuth2Example">
        <test-method signature="getAccessToken()[pri:0, instance:AuthExamples.OAuth2Example@10163d6]" started-at="2024-04-27T23:09:35 IST" name="getAccessToken" finished-at="2024-04-27T23:09:45 IST" duration-ms="9377" status="PASS">
          <reporter-output>
          </reporter-output>
        </test-method> <!-- getAccessToken -->
        <test-method signature="oAuthTest()[pri:0, instance:AuthExamples.OAuth2Example@10163d6]" started-at="2024-04-27T23:09:45 IST" name="oAuthTest" finished-at="2024-04-27T23:09:46 IST" depends-on-methods="AuthExamples.OAuth2Example.getAccessToken" duration-ms="716" status="PASS">
          <reporter-output>
          </reporter-output>
        </test-method> <!-- oAuthTest -->
      </class> <!-- AuthExamples.OAuth2Example -->
    </test> <!-- Default test -->
  </suite> <!-- Default suite -->
</testng-results>
